#
# There is insufficient memory for the Java Runtime Environment to continue.
# Native memory allocation (malloc) failed to allocate 1048576 bytes for AllocateHeap
# Possible reasons:
#   The system is out of physical RAM or swap space
#   In 32 bit mode, the process size limit was hit
# Possible solutions:
#   Reduce memory load on the system
#   Increase physical memory or swap space
#   Check if swap backing store is full
#   Use 64 bit Java on a 64 bit OS
#   Decrease Java heap size (-Xmx/-Xms)
#   Decrease number of Java threads
#   Decrease Java thread stack sizes (-Xss)
#   Set larger code cache with -XX:ReservedCodeCacheSize=
# This output file may be truncated or incomplete.
#
#  Out of Memory Error (memory/allocation.inline.hpp:61), pid=12088, tid=0x0000000000002ff4
#
# JRE version:  (8.0_191-b12) (build )
# Java VM: Java HotSpot(TM) 64-Bit Server VM (25.191-b12 mixed mode windows-amd64 compressed oops)
# Failed to write core dump. Minidumps are not enabled by default on client versions of Windows
#

---------------  T H R E A D  ---------------

Current thread (0x0000000002422800):  JavaThread "Unknown thread" [_thread_in_vm, id=12276, stack(0x0000000002320000,0x0000000002420000)]

Stack: [0x0000000002320000,0x0000000002420000]
[error occurred during error reporting (printing stack bounds), id 0xc0000005]

Native frames: (J=compiled Java code, j=interpreted, Vv=VM code, C=native code)


---------------  P R O C E S S  ---------------

Java Threads: ( => current thread )

Other Threads:

=>0x0000000002422800 (exited) JavaThread "Unknown thread" [_thread_in_vm, id=12276, stack(0x0000000002320000,0x0000000002420000)]

VM state:not at safepoint (normal execution)

VM Mutex/Monitor currently owned by a thread: None

Heap:
 PSYoungGen      total 76288K, used 1310K [0x000000076b300000, 0x0000000770800000, 0x00000007c0000000)
  eden space 65536K, 2% used [0x000000076b300000,0x000000076b447af0,0x000000076f300000)
  from space 10752K, 0% used [0x000000076fd80000,0x000000076fd80000,0x0000000770800000)
  to   space 10752K, 0% used [0x000000076f300000,0x000000076f300000,0x000000076fd80000)
 ParOldGen       total 175104K, used 0K [0x00000006c1800000, 0x00000006cc300000, 0x000000076b300000)
  object space 175104K, 0% used [0x00000006c1800000,0x00000006c1800000,0x00000006cc300000)
 Metaspace       used 775K, capacity 4480K, committed 4480K, reserved 1056768K
  class space    used 76K, capacity 384K, committed 384K, reserved 1048576K

Card table byte_map: [0x00000000118e0000,0x00000000120e0000] byte_map_base: 0x000000000e2d4000

Marking Bits: (ParMarkBitMap*) 0x0000000071793e30
 Begin Bits: [0x0000000012e30000, 0x0000000016dd0000)
 End Bits:   [0x0000000016dd0000, 0x000000001ad70000)

Polling page: 0x0000000000760000

CodeCache: size=245760Kb used=328Kb max_used=328Kb free=245431Kb
 bounds [0x0000000002520000, 0x0000000002790000, 0x0000000011520000]
 total_blobs=58 nmethods=0 adapters=38
 compilation: enabled

Compilation events (0 events):
No events

GC Heap History (0 events):
No events

Deoptimization events (0 events):
No events

Classes redefined (0 events):
No events

Internal exceptions (0 events):
No events

Events (10 events):
Event: 0.031 loading class java/lang/Short
Event: 0.031 loading class java/lang/Short done
Event: 0.031 loading class java/lang/Integer
Event: 0.031 loading class java/lang/Integer done
Event: 0.031 loading class java/lang/Long
Event: 0.031 loading class java/lang/Long done
Event: 0.032 loading class java/lang/NullPointerException
Event: 0.032 loading class java/lang/NullPointerException done
Event: 0.032 loading class java/lang/ArithmeticException
Event: 0.032 loading class java/lang/ArithmeticException done


Dynamic libraries:
0x00007ff75e010000 - 0x00007ff75e047000 	C:\Program Files\Java\jdk1.8.0_191\jre\bin\java.exe
0x00007ff93c8d0000 - 0x00007ff93cac5000 	C:\WINDOWS\SYSTEM32\ntdll.dll
0x00007ff93a930000 - 0x00007ff93a9ed000 	C:\WINDOWS\System32\KERNEL32.DLL
0x00007ff93a2f0000 - 0x00007ff93a5b9000 	C:\WINDOWS\System32\KERNELBASE.dll
0x00007ff93b260000 - 0x00007ff93b30c000 	C:\WINDOWS\System32\ADVAPI32.dll
0x00007ff93b050000 - 0x00007ff93b0ee000 	C:\WINDOWS\System32\msvcrt.dll
0x00007ff93b0f0000 - 0x00007ff93b18b000 	C:\WINDOWS\System32\sechost.dll
0x00007ff93c270000 - 0x00007ff93c39a000 	C:\WINDOWS\System32\RPCRT4.dll
0x00007ff93abe0000 - 0x00007ff93ad80000 	C:\WINDOWS\System32\USER32.dll
0x00007ff93a900000 - 0x00007ff93a922000 	C:\WINDOWS\System32\win32u.dll
0x00007ff93aaa0000 - 0x00007ff93aaca000 	C:\WINDOWS\System32\GDI32.dll
0x00007ff93a670000 - 0x00007ff93a77b000 	C:\WINDOWS\System32\gdi32full.dll
0x00007ff93a810000 - 0x00007ff93a8ad000 	C:\WINDOWS\System32\msvcp_win.dll
0x00007ff93a090000 - 0x00007ff93a190000 	C:\WINDOWS\System32\ucrtbase.dll
0x00007ff92c4f0000 - 0x00007ff92c78a000 	C:\WINDOWS\WinSxS\amd64_microsoft.windows.common-controls_6595b64144ccf1df_6.0.19041.1110_none_60b5254171f9507e\COMCTL32.dll
0x00007ff93af90000 - 0x00007ff93afc0000 	C:\WINDOWS\System32\IMM32.DLL
0x00007ff93b310000 - 0x00007ff93ba4f000 	C:\WINDOWS\System32\SHELL32.dll
0x00007ff93c3a0000 - 0x00007ff93c6f5000 	C:\WINDOWS\System32\combase.dll
0x00007ff93bc70000 - 0x00007ff93bcc5000 	C:\WINDOWS\System32\SHLWAPI.dll
0x00007ff938dc0000 - 0x00007ff938df3000 	C:\WINDOWS\SYSTEM32\ntmarta.dll
0x00007ff939ef0000 - 0x00007ff939f21000 	C:\WINDOWS\SYSTEM32\SspiCli.dll
0x00007ff937d40000 - 0x00007ff9384d0000 	C:\WINDOWS\SYSTEM32\windows.storage.dll
0x00007ff939990000 - 0x00007ff9399bc000 	C:\WINDOWS\SYSTEM32\Wldp.dll
0x00007ff93a9f0000 - 0x00007ff93aa9e000 	C:\WINDOWS\System32\SHCORE.dll
0x0000000071b10000 - 0x0000000071be2000 	C:\Program Files\Java\jdk1.8.0_191\jre\bin\msvcr100.dll
0x0000000070f70000 - 0x0000000071814000 	C:\Program Files\Java\jdk1.8.0_191\jre\bin\server\jvm.dll
0x00007ff93aad0000 - 0x00007ff93aad8000 	C:\WINDOWS\System32\PSAPI.DLL
0x00007ff9257e0000 - 0x00007ff9257e9000 	C:\WINDOWS\SYSTEM32\WSOCK32.dll
0x00007ff93c200000 - 0x00007ff93c26b000 	C:\WINDOWS\System32\WS2_32.dll
0x00007ff92ccc0000 - 0x00007ff92cce7000 	C:\WINDOWS\SYSTEM32\WINMM.dll
0x00007ff934170000 - 0x00007ff93417a000 	C:\WINDOWS\SYSTEM32\VERSION.dll
0x0000000071b00000 - 0x0000000071b0f000 	C:\Program Files\Java\jdk1.8.0_191\jre\bin\verify.dll
0x0000000071ad0000 - 0x0000000071af9000 	C:\Program Files\Java\jdk1.8.0_191\jre\bin\java.dll
0x0000000071ab0000 - 0x0000000071ac6000 	C:\Program Files\Java\jdk1.8.0_191\jre\bin\zip.dll

VM Arguments:
java_command: C:\Users\JOELAD~1\AppData\Local\Temp\surefire3523605155902550478\surefirebooter8433456209153946999.jar C:\Users\Joel Admin\AppData\Local\Temp\surefire3523605155902550478 2021-09-04T17-41-27_723-jvmRun1 surefire2613288517559552942tmp surefire_02217245004431643468tmp
java_class_path (initial): C:\Users\JOELAD~1\AppData\Local\Temp\surefire3523605155902550478\surefirebooter8433456209153946999.jar
Launcher Type: SUN_STANDARD

Environment Variables:
JAVA_HOME=C:\Program Files\Java\jdk1.8.0_191
PATH=C:\Program Files (x86)\Microsoft SDKs\Azure\CLI2\wbin;C:\Program Files (x86)\Common Files\Oracle\Java\javapath;C:\Program Files (x86)\Intel\Intel(R) Management Engine Components\iCLS\;C:\Program Files\Intel\Intel(R) Management Engine Components\iCLS\;C:\WINDOWS\system32;C:\WINDOWS;C:\WINDOWS\System32\Wbem;C:\WINDOWS\System32\WindowsPowerShell\v1.0\;C:\WINDOWS\System32\OpenSSH\;C:\Program Files (x86)\Intel\Intel(R) Management Engine Components\DAL;C:\Program Files\Intel\Intel(R) Management Engine Components\DAL;C:\Program Files (x86)\Intel\Intel(R) Management Engine Components\IPT;C:\Program Files\Intel\Intel(R) Management Engine Components\IPT;C:\DevTools\maven-3-6\apache-maven-3.6.0\bin;C:\TestProjects\aem\batch-files;C:\DevTools\nodejs\;C:\DevTools\Android\arcore-android-sdk-1.13.0\tools\arcoreimg\windows;C:\Go\bin;C:\Program Files\Intel\WiFi\bin\;C:\Program Files\Common Files\Intel\WirelessCommon\;C:\Program Files (x86)\Microsoft SQL Server\150\DTS\Binn\;C:\Program Files\Azure Data Studio\bin;C:\Users\Joel Admin\AppData\Local\Microsoft\WindowsApps;C:\Users\Joel Admin\AppData\Roaming\npm;C:\DevTools\vscode\bin;C:\Users\Joel Admin\go\bin;C:\Program Files\heroku\bin;;C:\Program Files\Azure Data Studio\bin
USERNAME=Joel Admin
OS=Windows_NT
PROCESSOR_IDENTIFIER=Intel64 Family 6 Model 142 Stepping 10, GenuineIntel



---------------  S Y S T E M  ---------------

OS: Windows 10.0 , 64 bit Build 19041 (10.0.19041.1151)

CPU:total 8 (initial active 8) (4 cores per cpu, 2 threads per core) family 6 model 142 stepping 10, cmov, cx8, fxsr, mmx, sse, sse2, sse3, ssse3, sse4.1, sse4.2, popcnt, avx, avx2, aes, clmul, erms, 3dnowpref, lzcnt, ht, tsc, tscinvbit, bmi1, bmi2, adx

Memory: 4k page, physical 16672472k(2539168k free), swap 16672472k(5952k free)

vm_info: Java HotSpot(TM) 64-Bit Server VM (25.191-b12) for windows-amd64 JRE (1.8.0_191-b12), built on Oct  6 2018 09:29:03 by "java_re" with MS VC++ 10.0 (VS2010)

time: Sat Sep 04 17:41:30 2021
elapsed time: 0 seconds (0d 0h 0m 0s)

