#
# There is insufficient memory for the Java Runtime Environment to continue.
# Native memory allocation (malloc) failed to allocate 32784 bytes for Chunk::new
# Possible reasons:
#   The system is out of physical RAM or swap space
#   In 32 bit mode, the process size limit was hit
# Possible solutions:
#   Reduce memory load on the system
#   Increase physical memory or swap space
#   Check if swap backing store is full
#   Use 64 bit Java on a 64 bit OS
#   Decrease Java heap size (-Xmx/-Xms)
#   Decrease number of Java threads
#   Decrease Java thread stack sizes (-Xss)
#   Set larger code cache with -XX:ReservedCodeCacheSize=
# This output file may be truncated or incomplete.
#
#  Out of Memory Error (allocation.cpp:390), pid=19260, tid=0x0000000000003cf0
#
# JRE version: Java(TM) SE Runtime Environment (8.0_191-b12) (build 1.8.0_191-b12)
# Java VM: Java HotSpot(TM) 64-Bit Server VM (25.191-b12 mixed mode windows-amd64 compressed oops)
# Failed to write core dump. Minidumps are not enabled by default on client versions of Windows
#

---------------  T H R E A D  ---------------

Current thread (0x000000001e3da800):  JavaThread "C2 CompilerThread0" daemon [_thread_in_native, id=15600, stack(0x000000001ecb0000,0x000000001edb0000)]

Stack: [0x000000001ecb0000,0x000000001edb0000]
[error occurred during error reporting (printing stack bounds), id 0xc0000005]

Native frames: (J=compiled Java code, j=interpreted, Vv=VM code, C=native code)


Current CompileTask:
C2:  23398 9821       4       org.mockito.internal.exceptions.stacktrace.DefaultStackTraceCleaner::isIn (46 bytes)


---------------  P R O C E S S  ---------------

Java Threads: ( => current thread )
  0x000000001e5d0800 JavaThread "surefire-forkedjvm-ping-30s" daemon [_thread_blocked, id=11944, stack(0x000000001f3b0000,0x000000001f4b0000)]
  0x000000001e539800 JavaThread "surefire-forkedjvm-command-thread" daemon [_thread_in_native, id=16852, stack(0x000000001f2b0000,0x000000001f3b0000)]
  0x000000001e470800 JavaThread "Service Thread" daemon [_thread_blocked, id=19048, stack(0x000000001f0b0000,0x000000001f1b0000)]
  0x000000001e3e4000 JavaThread "C1 CompilerThread3" daemon [_thread_blocked, id=9348, stack(0x000000001efb0000,0x000000001f0b0000)]
  0x000000001e3e0000 JavaThread "C2 CompilerThread2" daemon [_thread_in_native, id=12228, stack(0x000000001eeb0000,0x000000001efb0000)]
  0x000000001e3dd000 JavaThread "C2 CompilerThread1" daemon [_thread_in_native, id=22452, stack(0x000000001edb0000,0x000000001eeb0000)]
=>0x000000001e3da800 JavaThread "C2 CompilerThread0" daemon [_thread_in_native, id=15600, stack(0x000000001ecb0000,0x000000001edb0000)]
  0x000000001e3d7000 JavaThread "Attach Listener" daemon [_thread_blocked, id=21320, stack(0x000000001ebb0000,0x000000001ecb0000)]
  0x000000001e3d6000 JavaThread "Signal Dispatcher" daemon [_thread_blocked, id=17924, stack(0x000000001eab0000,0x000000001ebb0000)]
  0x000000001e3d1000 JavaThread "Finalizer" daemon [_thread_blocked, id=16500, stack(0x000000001e8b0000,0x000000001e9b0000)]
  0x000000001e3d0800 JavaThread "Reference Handler" daemon [_thread_blocked, id=13732, stack(0x000000001e7b0000,0x000000001e8b0000)]
  0x0000000002ab2800 JavaThread "main" [_thread_in_native, id=20792, stack(0x0000000002960000,0x0000000002a60000)]

Other Threads:
  0x000000001c5e9000 VMThread [stack: 0x000000001e2b0000,0x000000001e3b0000] [id=15020]
  0x000000001e492800 WatcherThread [stack: 0x000000001f1b0000,0x000000001f2b0000] [id=5476]

VM state:not at safepoint (normal execution)

VM Mutex/Monitor currently owned by a thread: None

Heap:
 PSYoungGen      total 403456K, used 356653K [0x000000076b300000, 0x0000000784b00000, 0x00000007c0000000)
  eden space 389120K, 89% used [0x000000076b300000,0x0000000780661b90,0x0000000782f00000)
  from space 14336K, 63% used [0x0000000782f00000,0x00000007837e9968,0x0000000783d00000)
  to   space 13824K, 0% used [0x0000000783d80000,0x0000000783d80000,0x0000000784b00000)
 ParOldGen       total 182272K, used 16340K [0x00000006c1800000, 0x00000006cca00000, 0x000000076b300000)
  object space 182272K, 8% used [0x00000006c1800000,0x00000006c27f5300,0x00000006cca00000)
 Metaspace       used 42873K, capacity 46886K, committed 47192K, reserved 1089536K
  class space    used 5752K, capacity 6415K, committed 6528K, reserved 1048576K

Card table byte_map: [0x0000000011f70000,0x0000000012770000] byte_map_base: 0x000000000e964000

Marking Bits: (ParMarkBitMap*) 0x00000000621a3e30
 Begin Bits: [0x00000000134c0000, 0x0000000017460000)
 End Bits:   [0x0000000017460000, 0x000000001b400000)

Polling page: 0x00000000027b0000

CodeCache: size=245760Kb used=30477Kb max_used=31122Kb free=215282Kb
 bounds [0x0000000002bb0000, 0x0000000004a40000, 0x0000000011bb0000]
 total_blobs=8284 nmethods=7852 adapters=343
 compilation: enabled

Compilation events (10 events):
Event: 22.947 Thread 0x000000001e3e4000 nmethod 9816 0x00000000034dda10 code [0x00000000034ddb60, 0x00000000034ddc70]
Event: 22.947 Thread 0x000000001e3e0000 nmethod 9815 0x0000000002fb80d0 code [0x0000000002fb8220, 0x0000000002fb8318]
Event: 22.959 Thread 0x000000001e3da800 9817       4       java.util.ArrayList::removeIf (236 bytes)
Event: 22.976 Thread 0x000000001e3da800 nmethod 9817 0x0000000002efcfd0 code [0x0000000002efd1a0, 0x0000000002efdfc0]
Event: 23.024 Thread 0x000000001e3e0000 9818   !   4       org.springframework.beans.CachedIntrospectionResults::<init> (433 bytes)
Event: 23.041 Thread 0x000000001e3da800 9819       4       java.util.concurrent.ConcurrentHashMap$Traverser::<init> (36 bytes)
Event: 23.041 Thread 0x000000001e3e4000 9820       3       org.junit.jupiter.engine.execution.DefaultTestInstances::getInnermostInstance (21 bytes)
Event: 23.042 Thread 0x000000001e3e4000 nmethod 9820 0x00000000031bdd10 code [0x00000000031bde80, 0x00000000031be178]
Event: 23.042 Thread 0x000000001e3da800 nmethod 9819 0x00000000047c29d0 code [0x00000000047c2b00, 0x00000000047c2b98]
Event: 23.048 Thread 0x000000001e3da800 9821       4       org.mockito.internal.exceptions.stacktrace.DefaultStackTraceCleaner::isIn (46 bytes)

GC Heap History (10 events):
Event: 16.767 GC heap before
{Heap before GC invocations=19 (full 2):
 PSYoungGen      total 333312K, used 333253K [0x000000076b300000, 0x0000000780800000, 0x00000007c0000000)
  eden space 322560K, 100% used [0x000000076b300000,0x000000077ee00000,0x000000077ee00000)
  from space 10752K, 99% used [0x000000077fd80000,0x00000007807f15f8,0x0000000780800000)
  to   space 12800K, 0% used [0x000000077ef00000,0x000000077ef00000,0x000000077fb80000)
 ParOldGen       total 182272K, used 12718K [0x00000006c1800000, 0x00000006cca00000, 0x000000076b300000)
  object space 182272K, 6% used [0x00000006c1800000,0x00000006c246b878,0x00000006cca00000)
 Metaspace       used 42405K, capacity 46392K, committed 46552K, reserved 1089536K
  class space    used 5730K, capacity 6362K, committed 6400K, reserved 1048576K
Event: 16.773 GC heap after
Heap after GC invocations=19 (full 2):
 PSYoungGen      total 336384K, used 9175K [0x000000076b300000, 0x0000000782580000, 0x00000007c0000000)
  eden space 323584K, 0% used [0x000000076b300000,0x000000076b300000,0x000000077ef00000)
  from space 12800K, 71% used [0x000000077ef00000,0x000000077f7f5f40,0x000000077fb80000)
  to   space 12288K, 0% used [0x0000000781980000,0x0000000781980000,0x0000000782580000)
 ParOldGen       total 182272K, used 12726K [0x00000006c1800000, 0x00000006cca00000, 0x000000076b300000)
  object space 182272K, 6% used [0x00000006c1800000,0x00000006c246d878,0x00000006cca00000)
 Metaspace       used 42405K, capacity 46392K, committed 46552K, reserved 1089536K
  class space    used 5730K, capacity 6362K, committed 6400K, reserved 1048576K
}
Event: 17.984 GC heap before
{Heap before GC invocations=20 (full 2):
 PSYoungGen      total 336384K, used 332759K [0x000000076b300000, 0x0000000782580000, 0x00000007c0000000)
  eden space 323584K, 100% used [0x000000076b300000,0x000000077ef00000,0x000000077ef00000)
  from space 12800K, 71% used [0x000000077ef00000,0x000000077f7f5f40,0x000000077fb80000)
  to   space 12288K, 0% used [0x0000000781980000,0x0000000781980000,0x0000000782580000)
 ParOldGen       total 182272K, used 12726K [0x00000006c1800000, 0x00000006cca00000, 0x000000076b300000)
  object space 182272K, 6% used [0x00000006c1800000,0x00000006c246d878,0x00000006cca00000)
 Metaspace       used 42542K, capacity 46484K, committed 46552K, reserved 1089536K
  class space    used 5738K, capacity 6366K, committed 6400K, reserved 1048576K
Event: 17.992 GC heap after
Heap after GC invocations=20 (full 2):
 PSYoungGen      total 366080K, used 12277K [0x000000076b300000, 0x0000000782880000, 0x00000007c0000000)
  eden space 353792K, 0% used [0x000000076b300000,0x000000076b300000,0x0000000780c80000)
  from space 12288K, 99% used [0x0000000781980000,0x000000078257d608,0x0000000782580000)
  to   space 13312K, 0% used [0x0000000780c80000,0x0000000780c80000,0x0000000781980000)
 ParOldGen       total 182272K, used 12812K [0x00000006c1800000, 0x00000006cca00000, 0x000000076b300000)
  object space 182272K, 7% used [0x00000006c1800000,0x00000006c24832c0,0x00000006cca00000)
 Metaspace       used 42542K, capacity 46484K, committed 46552K, reserved 1089536K
  class space    used 5738K, capacity 6366K, committed 6400K, reserved 1048576K
}
Event: 19.396 GC heap before
{Heap before GC invocations=21 (full 2):
 PSYoungGen      total 366080K, used 366069K [0x000000076b300000, 0x0000000782880000, 0x00000007c0000000)
  eden space 353792K, 100% used [0x000000076b300000,0x0000000780c80000,0x0000000780c80000)
  from space 12288K, 99% used [0x0000000781980000,0x000000078257d608,0x0000000782580000)
  to   space 13312K, 0% used [0x0000000780c80000,0x0000000780c80000,0x0000000781980000)
 ParOldGen       total 182272K, used 12812K [0x00000006c1800000, 0x00000006cca00000, 0x000000076b300000)
  object space 182272K, 7% used [0x00000006c1800000,0x00000006c24832c0,0x00000006cca00000)
 Metaspace       used 42656K, capacity 46628K, committed 46808K, reserved 1089536K
  class space    used 5741K, capacity 6372K, committed 6400K, reserved 1048576K
Event: 19.405 GC heap after
Heap after GC invocations=21 (full 2):
 PSYoungGen      total 367104K, used 12294K [0x000000076b300000, 0x0000000784b80000, 0x00000007c0000000)
  eden space 353792K, 0% used [0x000000076b300000,0x000000076b300000,0x0000000780c80000)
  from space 13312K, 92% used [0x0000000780c80000,0x0000000781881968,0x0000000781980000)
  to   space 14336K, 0% used [0x0000000783d80000,0x0000000783d80000,0x0000000784b80000)
 ParOldGen       total 182272K, used 12820K [0x00000006c1800000, 0x00000006cca00000, 0x000000076b300000)
  object space 182272K, 7% used [0x00000006c1800000,0x00000006c24852c0,0x00000006cca00000)
 Metaspace       used 42656K, capacity 46628K, committed 46808K, reserved 1089536K
  class space    used 5741K, capacity 6372K, committed 6400K, reserved 1048576K
}
Event: 20.736 GC heap before
{Heap before GC invocations=22 (full 2):
 PSYoungGen      total 367104K, used 366086K [0x000000076b300000, 0x0000000784b80000, 0x00000007c0000000)
  eden space 353792K, 100% used [0x000000076b300000,0x0000000780c80000,0x0000000780c80000)
  from space 13312K, 92% used [0x0000000780c80000,0x0000000781881968,0x0000000781980000)
  to   space 14336K, 0% used [0x0000000783d80000,0x0000000783d80000,0x0000000784b80000)
 ParOldGen       total 182272K, used 12820K [0x00000006c1800000, 0x00000006cca00000, 0x000000076b300000)
  object space 182272K, 7% used [0x00000006c1800000,0x00000006c24852c0,0x00000006cca00000)
 Metaspace       used 42750K, capacity 46702K, committed 46808K, reserved 1089536K
  class space    used 5745K, capacity 6375K, committed 6400K, reserved 1048576K
Event: 20.743 GC heap after
Heap after GC invocations=22 (full 2):
 PSYoungGen      total 402944K, used 11270K [0x000000076b300000, 0x0000000784b00000, 0x00000007c0000000)
  eden space 389120K, 0% used [0x000000076b300000,0x000000076b300000,0x0000000782f00000)
  from space 13824K, 81% used [0x0000000783d80000,0x0000000784881968,0x0000000784b00000)
  to   space 14336K, 0% used [0x0000000782f00000,0x0000000782f00000,0x0000000783d00000)
 ParOldGen       total 182272K, used 12828K [0x00000006c1800000, 0x00000006cca00000, 0x000000076b300000)
  object space 182272K, 7% used [0x00000006c1800000,0x00000006c24872c0,0x00000006cca00000)
 Metaspace       used 42750K, capacity 46702K, committed 46808K, reserved 1089536K
  class space    used 5745K, capacity 6375K, committed 6400K, reserved 1048576K
}
Event: 22.059 GC heap before
{Heap before GC invocations=23 (full 2):
 PSYoungGen      total 402944K, used 400390K [0x000000076b300000, 0x0000000784b00000, 0x00000007c0000000)
  eden space 389120K, 100% used [0x000000076b300000,0x0000000782f00000,0x0000000782f00000)
  from space 13824K, 81% used [0x0000000783d80000,0x0000000784881968,0x0000000784b00000)
  to   space 14336K, 0% used [0x0000000782f00000,0x0000000782f00000,0x0000000783d00000)
 ParOldGen       total 182272K, used 12828K [0x00000006c1800000, 0x00000006cca00000, 0x000000076b300000)
  object space 182272K, 7% used [0x00000006c1800000,0x00000006c24872c0,0x00000006cca00000)
 Metaspace       used 42792K, capacity 46772K, committed 46808K, reserved 1089536K
  class space    used 5747K, capacity 6378K, committed 6400K, reserved 1048576K
Event: 22.067 GC heap after
Heap after GC invocations=23 (full 2):
 PSYoungGen      total 403456K, used 9126K [0x000000076b300000, 0x0000000784b00000, 0x00000007c0000000)
  eden space 389120K, 0% used [0x000000076b300000,0x000000076b300000,0x0000000782f00000)
  from space 14336K, 63% used [0x0000000782f00000,0x00000007837e9968,0x0000000783d00000)
  to   space 13824K, 0% used [0x0000000783d80000,0x0000000783d80000,0x0000000784b00000)
 ParOldGen       total 182272K, used 16340K [0x00000006c1800000, 0x00000006cca00000, 0x000000076b300000)
  object space 182272K, 8% used [0x00000006c1800000,0x00000006c27f5300,0x00000006cca00000)
 Metaspace       used 42792K, capacity 46772K, committed 46808K, reserved 1089536K
  class space    used 5747K, capacity 6378K, committed 6400K, reserved 1048576K
}

Deoptimization events (10 events):
Event: 18.580 Thread 0x0000000002ab2800 Uncommon trap: reason=unstable_if action=reinterpret pc=0x0000000002dfb628 method=java.lang.AbstractStringBuilder.append(Ljava/lang/String;)Ljava/lang/AbstractStringBuilder; @ 1
Event: 19.615 Thread 0x000000001e5d0800 Uncommon trap: reason=class_check action=maybe_recompile pc=0x000000000383a31c method=java.util.Collections$SetFromMap.add(Ljava/lang/Object;)Z @ 8
Event: 21.313 Thread 0x0000000002ab2800 Uncommon trap: reason=predicate action=maybe_recompile pc=0x00000000049160e0 method=java.util.TimSort.reverseRange([Ljava/lang/Object;II)V @ 8
Event: 21.733 Thread 0x0000000002ab2800 Uncommon trap: reason=array_check action=maybe_recompile pc=0x00000000049be408 method=java.util.TimSort.reverseRange([Ljava/lang/Object;II)V @ 20
Event: 21.743 Thread 0x0000000002ab2800 Uncommon trap: reason=array_check action=maybe_recompile pc=0x00000000049be408 method=java.util.TimSort.reverseRange([Ljava/lang/Object;II)V @ 20
Event: 22.162 Thread 0x0000000002ab2800 Uncommon trap: reason=array_check action=maybe_recompile pc=0x00000000049be408 method=java.util.TimSort.reverseRange([Ljava/lang/Object;II)V @ 20
Event: 22.171 Thread 0x0000000002ab2800 Uncommon trap: reason=array_check action=maybe_recompile pc=0x00000000049be408 method=java.util.TimSort.reverseRange([Ljava/lang/Object;II)V @ 20
Event: 22.619 Thread 0x0000000002ab2800 Uncommon trap: reason=array_check action=maybe_recompile pc=0x00000000035b4214 method=java.util.TimSort.reverseRange([Ljava/lang/Object;II)V @ 27
Event: 22.626 Thread 0x0000000002ab2800 Uncommon trap: reason=array_check action=maybe_recompile pc=0x00000000035b4214 method=java.util.TimSort.reverseRange([Ljava/lang/Object;II)V @ 27
Event: 22.630 Thread 0x0000000002ab2800 Uncommon trap: reason=array_check action=maybe_recompile pc=0x0000000003a8e2dc method=java.util.TimSort.reverseRange([Ljava/lang/Object;II)V @ 27

Classes redefined (0 events):
No events

Internal exceptions (10 events):
Event: 23.036 Thread 0x0000000002ab2800 Exception <a 'java/lang/ClassNotFoundException': java/lang/ObjectCustomizer> (0x000000077b3eeef0) thrown at [C:\re\workspace\8-2-build-windows-amd64-cygwin\jdk8u191\11896\hotspot\src\share\vm\classfile\systemDictionary.cpp, line 210]
Event: 23.036 Thread 0x0000000002ab2800 Exception <a 'java/lang/ClassNotFoundException': org/springframework/web/multipart/support/StandardServletMultipartResolverCustomizer> (0x000000077b40dbf8) thrown at [C:\re\workspace\8-2-build-windows-amd64-cygwin\jdk8u191\11896\hotspot\src\share\vm\class
Event: 23.036 Thread 0x0000000002ab2800 Exception <a 'java/lang/ClassNotFoundException': org/springframework/web/multipart/MultipartResolverCustomizer> (0x000000077b428270) thrown at [C:\re\workspace\8-2-build-windows-amd64-cygwin\jdk8u191\11896\hotspot\src\share\vm\classfile\systemDictionary.c
Event: 23.040 Thread 0x0000000002ab2800 Exception <a 'java/lang/ClassNotFoundException': java/lang/ObjectCustomizer> (0x000000077b4abad8) thrown at [C:\re\workspace\8-2-build-windows-amd64-cygwin\jdk8u191\11896\hotspot\src\share\vm\classfile\systemDictionary.cpp, line 210]
Event: 23.040 Thread 0x0000000002ab2800 Exception <a 'java/lang/ClassNotFoundException': com/jtriemstra/wonders/api/TestBaseCustomizer> (0x000000077b4c1008) thrown at [C:\re\workspace\8-2-build-windows-amd64-cygwin\jdk8u191\11896\hotspot\src\share\vm\classfile\systemDictionary.cpp, line 210]
Event: 23.040 Thread 0x0000000002ab2800 Exception <a 'java/lang/ClassNotFoundException': com/jtriemstra/wonders/api/model/action/ResolveCommerceTestsCustomizer> (0x000000077b4d9158) thrown at [C:\re\workspace\8-2-build-windows-amd64-cygwin\jdk8u191\11896\hotspot\src\share\vm\classfile\systemDic
Event: 23.042 Thread 0x0000000002ab2800 Exception <a 'java/lang/ClassNotFoundException': java/lang/ObjectCustomizer> (0x000000077b526e50) thrown at [C:\re\workspace\8-2-build-windows-amd64-cygwin\jdk8u191\11896\hotspot\src\share\vm\classfile\systemDictionary.cpp, line 210]
Event: 23.043 Thread 0x0000000002ab2800 Exception <a 'java/lang/ClassNotFoundException': com/jtriemstra/wonders/api/model/GameCustomizer> (0x000000077b53ce68) thrown at [C:\re\workspace\8-2-build-windows-amd64-cygwin\jdk8u191\11896\hotspot\src\share\vm\classfile\systemDictionary.cpp, line 210]
Event: 23.043 Thread 0x0000000002ab2800 Exception <a 'java/lang/ClassNotFoundException': java/lang/ObjectCustomizer> (0x000000077b5c0100) thrown at [C:\re\workspace\8-2-build-windows-amd64-cygwin\jdk8u191\11896\hotspot\src\share\vm\classfile\systemDictionary.cpp, line 210]
Event: 23.044 Thread 0x0000000002ab2800 Exception <a 'java/lang/ClassNotFoundException': com/jtriemstra/wonders/api/model/PlayerCustomizer> (0x000000077b5d6660) thrown at [C:\re\workspace\8-2-build-windows-amd64-cygwin\jdk8u191\11896\hotspot\src\share\vm\classfile\systemDictionary.cpp, line 210

Events (10 events):
Event: 23.048 loading class com/jtriemstra/wonders/api/model/Game$PlayerLoop
Event: 23.048 loading class com/jtriemstra/wonders/api/model/Game$PlayerLoop done
Event: 23.050 loading class org/springframework/ws/test/client/MockWebServiceServer
Event: 23.050 loading class org/springframework/ws/test/client/MockWebServiceServer done
Event: 23.050 loading class org/springframework/ws/test/client$MockWebServiceServer
Event: 23.050 loading class org/springframework/ws/test/client$MockWebServiceServer done
Event: 23.050 loading class org/springframework/restdocs/ManualRestDocumentation
Event: 23.050 loading class org/springframework/restdocs/ManualRestDocumentation done
Event: 23.051 loading class org/springframework/restdocs$ManualRestDocumentation
Event: 23.051 loading class org/springframework/restdocs$ManualRestDocumentation done


Dynamic libraries:
0x00007ff69a580000 - 0x00007ff69a5b7000 	C:\Program Files\Java\jdk1.8.0_191\jre\bin\java.exe
0x00007ffd73590000 - 0x00007ffd73785000 	C:\WINDOWS\SYSTEM32\ntdll.dll
0x00007ffd722b0000 - 0x00007ffd7236d000 	C:\WINDOWS\System32\KERNEL32.DLL
0x00007ffd70ff0000 - 0x00007ffd712b9000 	C:\WINDOWS\System32\KERNELBASE.dll
0x00007ffd71a60000 - 0x00007ffd71b0c000 	C:\WINDOWS\System32\ADVAPI32.dll
0x00007ffd72d10000 - 0x00007ffd72dae000 	C:\WINDOWS\System32\msvcrt.dll
0x00007ffd71b30000 - 0x00007ffd71bcb000 	C:\WINDOWS\System32\sechost.dll
0x00007ffd72bb0000 - 0x00007ffd72cda000 	C:\WINDOWS\System32\RPCRT4.dll
0x00007ffd71f30000 - 0x00007ffd720d0000 	C:\WINDOWS\System32\USER32.dll
0x00007ffd712c0000 - 0x00007ffd712e2000 	C:\WINDOWS\System32\win32u.dll
0x00007ffd716d0000 - 0x00007ffd716fa000 	C:\WINDOWS\System32\GDI32.dll
0x00007ffd70d80000 - 0x00007ffd70e8b000 	C:\WINDOWS\System32\gdi32full.dll
0x00007ffd71530000 - 0x00007ffd715cd000 	C:\WINDOWS\System32\msvcp_win.dll
0x00007ffd713e0000 - 0x00007ffd714e0000 	C:\WINDOWS\System32\ucrtbase.dll
0x00007ffd668c0000 - 0x00007ffd66b5a000 	C:\WINDOWS\WinSxS\amd64_microsoft.windows.common-controls_6595b64144ccf1df_6.0.19041.1083_none_60bbe31371f34e71\COMCTL32.dll
0x00007ffd72ce0000 - 0x00007ffd72d10000 	C:\WINDOWS\System32\IMM32.DLL
0x00007ffd72db0000 - 0x00007ffd734ef000 	C:\WINDOWS\System32\SHELL32.dll
0x00007ffd72850000 - 0x00007ffd72ba5000 	C:\WINDOWS\System32\combase.dll
0x00007ffd72370000 - 0x00007ffd723c5000 	C:\WINDOWS\System32\SHLWAPI.dll
0x00007ffd6fa90000 - 0x00007ffd6fac3000 	C:\WINDOWS\SYSTEM32\ntmarta.dll
0x00007ffd70bc0000 - 0x00007ffd70bf1000 	C:\WINDOWS\SYSTEM32\SspiCli.dll
0x00007ffd6ec30000 - 0x00007ffd6f3c1000 	C:\WINDOWS\SYSTEM32\windows.storage.dll
0x00007ffd70670000 - 0x00007ffd7069c000 	C:\WINDOWS\SYSTEM32\Wldp.dll
0x00007ffd71bd0000 - 0x00007ffd71c7e000 	C:\WINDOWS\System32\SHCORE.dll
0x0000000062230000 - 0x0000000062302000 	C:\Program Files\Java\jdk1.8.0_191\jre\bin\msvcr100.dll
0x0000000061980000 - 0x0000000062224000 	C:\Program Files\Java\jdk1.8.0_191\jre\bin\server\jvm.dll
0x00007ffd723d0000 - 0x00007ffd723d8000 	C:\WINDOWS\System32\PSAPI.DLL
0x00007ffd629c0000 - 0x00007ffd629c9000 	C:\WINDOWS\SYSTEM32\WSOCK32.dll
0x00007ffd71c80000 - 0x00007ffd71ceb000 	C:\WINDOWS\System32\WS2_32.dll
0x00007ffd66c10000 - 0x00007ffd66c37000 	C:\WINDOWS\SYSTEM32\WINMM.dll
0x00007ffd6b6a0000 - 0x00007ffd6b6aa000 	C:\WINDOWS\SYSTEM32\VERSION.dll
0x0000000061970000 - 0x000000006197f000 	C:\Program Files\Java\jdk1.8.0_191\jre\bin\verify.dll
0x0000000061940000 - 0x0000000061969000 	C:\Program Files\Java\jdk1.8.0_191\jre\bin\java.dll
0x0000000061920000 - 0x0000000061936000 	C:\Program Files\Java\jdk1.8.0_191\jre\bin\zip.dll
0x00007ffd70c10000 - 0x00007ffd70c2f000 	C:\WINDOWS\SYSTEM32\profapi.dll
0x00000000618d0000 - 0x00000000618dd000 	C:\Program Files\Java\jdk1.8.0_191\jre\bin\management.dll
0x0000000061900000 - 0x000000006191a000 	C:\Program Files\Java\jdk1.8.0_191\jre\bin\net.dll
0x00007ffd703d0000 - 0x00007ffd7043a000 	C:\WINDOWS\system32\mswsock.dll
0x00000000618e0000 - 0x00000000618f1000 	C:\Program Files\Java\jdk1.8.0_191\jre\bin\nio.dll
0x00007ffd591e0000 - 0x00007ffd591f7000 	C:\WINDOWS\system32\napinsp.dll
0x00007ffd475f0000 - 0x00007ffd4760b000 	C:\WINDOWS\system32\pnrpnsp.dll
0x00007ffd6aea0000 - 0x00007ffd6aeb5000 	C:\WINDOWS\system32\wshbth.dll
0x00007ffd6a820000 - 0x00007ffd6a83d000 	C:\WINDOWS\system32\NLAapi.dll
0x00007ffd700c0000 - 0x00007ffd700fb000 	C:\WINDOWS\SYSTEM32\IPHLPAPI.DLL
0x00007ffd70100000 - 0x00007ffd701cc000 	C:\WINDOWS\SYSTEM32\DNSAPI.dll
0x00007ffd72130000 - 0x00007ffd72138000 	C:\WINDOWS\System32\NSI.dll
0x00007ffd472c0000 - 0x00007ffd472d2000 	C:\WINDOWS\System32\winrnr.dll
0x00007ffd65960000 - 0x00007ffd6596a000 	C:\Windows\System32\rasadhlp.dll
0x00007ffd65cd0000 - 0x00007ffd65d4f000 	C:\WINDOWS\System32\fwpuclnt.dll
0x00007ffd715d0000 - 0x00007ffd715f7000 	C:\WINDOWS\System32\bcrypt.dll

VM Arguments:
java_command: C:\Users\JOELAD~1\AppData\Local\Temp\surefire3632106191446577905\surefirebooter5205876763660572630.jar C:\Users\Joel Admin\AppData\Local\Temp\surefire3632106191446577905 2021-07-17T20-08-32_225-jvmRun1 surefire6842338537805851881tmp surefire_03465975492522544462tmp
java_class_path (initial): C:\Users\JOELAD~1\AppData\Local\Temp\surefire3632106191446577905\surefirebooter5205876763660572630.jar
Launcher Type: SUN_STANDARD

Environment Variables:
JAVA_HOME=C:\Program Files\Java\jdk1.8.0_191
PATH=C:\Program Files (x86)\Microsoft SDKs\Azure\CLI2\wbin;C:\Program Files (x86)\Common Files\Oracle\Java\javapath;C:\Program Files (x86)\Intel\Intel(R) Management Engine Components\iCLS\;C:\Program Files\Intel\Intel(R) Management Engine Components\iCLS\;C:\WINDOWS\system32;C:\WINDOWS;C:\WINDOWS\System32\Wbem;C:\WINDOWS\System32\WindowsPowerShell\v1.0\;C:\WINDOWS\System32\OpenSSH\;C:\Program Files (x86)\Intel\Intel(R) Management Engine Components\DAL;C:\Program Files\Intel\Intel(R) Management Engine Components\DAL;C:\Program Files (x86)\Intel\Intel(R) Management Engine Components\IPT;C:\Program Files\Intel\Intel(R) Management Engine Components\IPT;C:\DevTools\maven-3-6\apache-maven-3.6.0\bin;C:\TestProjects\aem\batch-files;C:\DevTools\nodejs\;C:\DevTools\Android\arcore-android-sdk-1.13.0\tools\arcoreimg\windows;C:\Go\bin;C:\Program Files\Intel\WiFi\bin\;C:\Program Files\Common Files\Intel\WirelessCommon\;C:\Users\Joel Admin\AppData\Local\Microsoft\WindowsApps;C:\Users\Joel Admin\AppData\Roaming\npm;C:\DevTools\vscode\bin;C:\Users\Joel Admin\go\bin;C:\Program Files\heroku\bin;
USERNAME=Joel Admin
OS=Windows_NT
PROCESSOR_IDENTIFIER=Intel64 Family 6 Model 142 Stepping 10, GenuineIntel



---------------  S Y S T E M  ---------------

OS: Windows 10.0 , 64 bit Build 19041 (10.0.19041.1023)

CPU:total 8 (initial active 8) (4 cores per cpu, 2 threads per core) family 6 model 142 stepping 10, cmov, cx8, fxsr, mmx, sse, sse2, sse3, ssse3, sse4.1, sse4.2, popcnt, avx, avx2, aes, clmul, erms, 3dnowpref, lzcnt, ht, tsc, tscinvbit, bmi1, bmi2, adx

Memory: 4k page, physical 16672600k(4299332k free), swap 16672600k(8608k free)

vm_info: Java HotSpot(TM) 64-Bit Server VM (25.191-b12) for windows-amd64 JRE (1.8.0_191-b12), built on Oct  6 2018 09:29:03 by "java_re" with MS VC++ 10.0 (VS2010)

time: Sat Jul 17 20:08:56 2021
elapsed time: 23 seconds (0d 0h 0m 23s)

